<?xml version="1.0" encoding="UTF-8"?>
<testsuite xmlns:xsi="http://www.w3.org/2001/XMLSchema-instance" xsi:noNamespaceSchemaLocation="https://maven.apache.org/surefire/maven-surefire-plugin/xsd/surefire-test-report-3.0.xsd" version="3.0" name="com.grupo13.ContaCorrenteTest" time="0.087" tests="11" errors="0" skipped="0" failures="0">
  <properties>
    <property name="java.specification.version" value="14"/>
    <property name="sun.jnu.encoding" value="UTF-8"/>
    <property name="java.class.path" value="/home/alexelias/Área de Trabalho/Nova pasta/ContaCorrente/target/test-classes:/home/alexelias/Área de Trabalho/Nova pasta/ContaCorrente/target/classes:/home/alexelias/.m2/repository/org/junit/jupiter/junit-jupiter-api/5.6.2/junit-jupiter-api-5.6.2.jar:/home/alexelias/.m2/repository/org/apiguardian/apiguardian-api/1.1.0/apiguardian-api-1.1.0.jar:/home/alexelias/.m2/repository/org/opentest4j/opentest4j/1.2.0/opentest4j-1.2.0.jar:/home/alexelias/.m2/repository/org/junit/platform/junit-platform-commons/1.6.2/junit-platform-commons-1.6.2.jar:/home/alexelias/.m2/repository/org/junit/jupiter/junit-jupiter-engine/5.6.2/junit-jupiter-engine-5.6.2.jar:/home/alexelias/.m2/repository/org/junit/platform/junit-platform-engine/1.6.2/junit-platform-engine-1.6.2.jar:/home/alexelias/.m2/repository/org/junit/jupiter/junit-jupiter-params/5.6.2/junit-jupiter-params-5.6.2.jar:/home/alexelias/.m2/repository/org/hsqldb/hsqldb/2.5.0/hsqldb-2.5.0.jar:"/>
    <property name="java.vm.vendor" value="Private Build"/>
    <property name="sun.arch.data.model" value="64"/>
    <property name="java.vendor.url" value="Unknown"/>
    <property name="os.name" value="Linux"/>
    <property name="java.vm.specification.version" value="14"/>
    <property name="sun.java.launcher" value="SUN_STANDARD"/>
    <property name="user.country" value="BR"/>
    <property name="sun.boot.library.path" value="/usr/lib/jvm/java-14-openjdk-amd64/lib"/>
    <property name="sun.java.command" value="/home/alexelias/Área de Trabalho/Nova pasta/ContaCorrente/target/surefire/surefirebooter10816658641241888507.jar /home/alexelias/Área de Trabalho/Nova pasta/ContaCorrente/target/surefire 2020-10-04T21-30-16_976-jvmRun1 surefire10872410684086759279tmp surefire_017616050294722355298tmp"/>
    <property name="jdk.debug" value="release"/>
    <property name="surefire.test.class.path" value="/home/alexelias/Área de Trabalho/Nova pasta/ContaCorrente/target/test-classes:/home/alexelias/Área de Trabalho/Nova pasta/ContaCorrente/target/classes:/home/alexelias/.m2/repository/org/junit/jupiter/junit-jupiter-api/5.6.2/junit-jupiter-api-5.6.2.jar:/home/alexelias/.m2/repository/org/apiguardian/apiguardian-api/1.1.0/apiguardian-api-1.1.0.jar:/home/alexelias/.m2/repository/org/opentest4j/opentest4j/1.2.0/opentest4j-1.2.0.jar:/home/alexelias/.m2/repository/org/junit/platform/junit-platform-commons/1.6.2/junit-platform-commons-1.6.2.jar:/home/alexelias/.m2/repository/org/junit/jupiter/junit-jupiter-engine/5.6.2/junit-jupiter-engine-5.6.2.jar:/home/alexelias/.m2/repository/org/junit/platform/junit-platform-engine/1.6.2/junit-platform-engine-1.6.2.jar:/home/alexelias/.m2/repository/org/junit/jupiter/junit-jupiter-params/5.6.2/junit-jupiter-params-5.6.2.jar:/home/alexelias/.m2/repository/org/hsqldb/hsqldb/2.5.0/hsqldb-2.5.0.jar:"/>
    <property name="sun.cpu.endian" value="little"/>
    <property name="user.home" value="/home/alexelias"/>
    <property name="user.language" value="pt"/>
    <property name="java.specification.vendor" value="Oracle Corporation"/>
    <property name="java.version.date" value="2020-04-14"/>
    <property name="java.home" value="/usr/lib/jvm/java-14-openjdk-amd64"/>
    <property name="file.separator" value="/"/>
    <property name="basedir" value="/home/alexelias/Área de Trabalho/Nova pasta/ContaCorrente"/>
    <property name="java.vm.compressedOopsMode" value="Zero based"/>
    <property name="line.separator" value="&#10;"/>
    <property name="java.vm.specification.vendor" value="Oracle Corporation"/>
    <property name="java.specification.name" value="Java Platform API Specification"/>
    <property name="surefire.real.class.path" value="/home/alexelias/Área de Trabalho/Nova pasta/ContaCorrente/target/surefire/surefirebooter10816658641241888507.jar"/>
    <property name="sun.management.compiler" value="HotSpot 64-Bit Tiered Compilers"/>
    <property name="java.runtime.version" value="14.0.1+7-Ubuntu-1ubuntu1"/>
    <property name="user.name" value="alexelias"/>
    <property name="path.separator" value=":"/>
    <property name="os.version" value="5.4.0-48-generic"/>
    <property name="java.runtime.name" value="OpenJDK Runtime Environment"/>
    <property name="file.encoding" value="UTF-8"/>
    <property name="java.vm.name" value="OpenJDK 64-Bit Server VM"/>
    <property name="localRepository" value="/home/alexelias/.m2/repository"/>
    <property name="java.vendor.url.bug" value="Unknown"/>
    <property name="java.io.tmpdir" value="/tmp"/>
    <property name="java.version" value="14.0.1"/>
    <property name="user.dir" value="/home/alexelias/Área de Trabalho/Nova pasta/ContaCorrente"/>
    <property name="os.arch" value="amd64"/>
    <property name="java.vm.specification.name" value="Java Virtual Machine Specification"/>
    <property name="java.library.path" value="/usr/java/packages/lib:/usr/lib/x86_64-linux-gnu/jni:/lib/x86_64-linux-gnu:/usr/lib/x86_64-linux-gnu:/usr/lib/jni:/lib:/usr/lib"/>
    <property name="java.vm.info" value="mixed mode, sharing"/>
    <property name="java.vendor" value="Private Build"/>
    <property name="java.vm.version" value="14.0.1+7-Ubuntu-1ubuntu1"/>
    <property name="sun.io.unicode.encoding" value="UnicodeLittle"/>
    <property name="java.class.version" value="58.0"/>
  </properties>
  <testcase name="contaUpgradeGoldValorAlto" classname="com.grupo13.ContaCorrenteTest" time="0.024"/>
  <testcase name="retiradaLimit" classname="com.grupo13.ContaCorrenteTest" time="0.001"/>
  <testcase name="contaPlatiniumRetrocesso" classname="com.grupo13.ContaCorrenteTest" time="0.001"/>
  <testcase name="contaPlatiniumRetrocessoTotal" classname="com.grupo13.ContaCorrenteTest" time="0.001"/>
  <testcase name="contaInicial" classname="com.grupo13.ContaCorrenteTest" time="0.001"/>
  <testcase name="contaSilver" classname="com.grupo13.ContaCorrenteTest" time="0"/>
  <testcase name="contaUpgradePlatinum" classname="com.grupo13.ContaCorrenteTest" time="0.001"/>
  <testcase name="depositoNulo" classname="com.grupo13.ContaCorrenteTest" time="0.004"/>
  <testcase name="contaUpgradeGoldLimit" classname="com.grupo13.ContaCorrenteTest" time="0.001"/>
  <testcase name="contaGoldRetrocesso" classname="com.grupo13.ContaCorrenteTest" time="0.001"/>
  <testcase name="retiradaIlegal" classname="com.grupo13.ContaCorrenteTest" time="0.001"/>
</testsuite>